<?xml version="1.0" encoding="UTF-8"?>
<!-- Generated by org.testng.reporters.JUnitReportReporter -->
<testsuite hostname="LAPTOP-IFJDGCLM" failures="0" tests="1" name="jupiterToys.TC1" time="1.681" errors="0" timestamp="2023-02-06T19:23:00 IST" skipped="0">
  <testcase classname="jupiterToys.TC1" name="tc3Test" time="1.681"/>
  <system-out/>
</testsuite> <!-- jupiterToys.TC1 -->
