<?xml version="1.0" encoding="UTF-8"?>
<!-- Generated by org.testng.reporters.JUnitReportReporter -->
<testsuite hostname="LAPTOP-IFJDGCLM" failures="0" tests="1" name="com.actitime.testscript.DemoTest" time="0.015" errors="0" timestamp="2022-10-13T18:40:44 IST" skipped="0">
  <testcase classname="com.actitime.testscript.DemoTest" name="demo1" time="0.015"/>
  <system-out>
    <![CDATA[hello]]>
  </system-out>
</testsuite> <!-- com.actitime.testscript.DemoTest -->
